[2019-08-29] testOpenSession()
[2019-08-29] session org.apache.ibatis.session.defaults.DefaultSqlSession@7e392164
[2019-08-29] testOpenSession()
[2019-08-29] session org.apache.ibatis.session.defaults.DefaultSqlSession@7ae76dd7
[2019-08-29] test01SelectProductByAll()
[2019-08-29] test02SelectProductByCode()
[2019-08-29] test01SelectSaleByAll()
[2019-08-29] test02InsertSale()
[2019-08-29] test03SelectSaleRankTrue()
[2019-08-29] test04SelectSaleRankFalse()
[2019-08-29] test01SelectProductByAll()
[2019-08-29] test02SelectProductByCode()
[2019-08-29] test01SelectSaleByAll()
[2019-08-29] test02InsertSale()
[2019-08-29] test03SelectSaleRankTrue()
[2019-08-29] test04SelectSaleRankFalse()
[2019-08-29] testOpenSession()
[2019-08-29] session org.apache.ibatis.session.defaults.DefaultSqlSession@7920311c
[2019-08-29] test01SelectProductByAll()
[2019-08-29] test02SelectProductByCode()
[2019-08-29] testOpenSession()
[2019-08-29] session org.apache.ibatis.session.defaults.DefaultSqlSession@40a4337a
[2019-08-29] test01SelectSaleByAll()
[2019-08-29] test02InsertSale()
[2019-08-29] test03SelectSaleRankTrue()
[2019-08-29] test04SelectSaleRankFalse()
[2019-08-29] testOpenSession()
[2019-08-29] session org.apache.ibatis.session.defaults.DefaultSqlSession@7ae76dd7
[2019-08-29] test01SelectProductByAll()
[2019-08-29] test02SelectProductByCode()
[2019-08-29] test01SelectSaleByAll()
[2019-08-29] test02InsertSale()
[2019-08-29] test03SelectSaleRankTrue()
[2019-08-29] test04SelectSaleRankFalse()
[2019-08-29] test01SelectProductByAll()
[2019-08-29] ==>  Preparing: select code, name from product 
[2019-08-29] ==> Parameters: 
[2019-08-29] <==    Columns: code, name
[2019-08-29] <==        Row: A001, ¾Æ¸Þ¸®Ä«³ë
[2019-08-29] <==        Row: A002, Ä«ÇªÄ¡³ë
[2019-08-29] <==        Row: A003, ÇìÀÌÁñ³Ó
[2019-08-29] <==        Row: A004, ¿¡½ºÇÁ·¹¼Ò
[2019-08-29] <==        Row: B001, µþ±â½¦ÀÌÅ©
[2019-08-29] <==        Row: B002, ÈÄ¸£Ã÷¿ÍÀÎ
[2019-08-29] <==        Row: B003, ÆÏºù¼ö
[2019-08-29] <==        Row: B004, ¾ÆÀÌ½ºÃÊÄÚ
[2019-08-29] <==      Total: 8
[2019-08-29] test02SelectProductByCode()
[2019-08-29] ==>  Preparing: select code, name from product where code = ? 
[2019-08-29] ==> Parameters: A001(String)
[2019-08-29] <==    Columns: code, name
[2019-08-29] <==        Row: A001, ¾Æ¸Þ¸®Ä«³ë
[2019-08-29] <==      Total: 1
[2019-08-29] test01SelectSaleByAll()
[2019-08-29] ==>  Preparing: select no, code, price, saleCnt, marginRate from sale 
[2019-08-29] ==> Parameters: 
[2019-08-29] <==    Columns: no, code, price, saleCnt, marginRate
[2019-08-29] <==        Row: 1, A001, 4500, 150, 10
[2019-08-29] <==        Row: 2, A002, 3800, 140, 15
[2019-08-29] <==        Row: 3, B001, 5200, 250, 12
[2019-08-29] <==        Row: 4, B002, 4300, 110, 11
[2019-08-29] <==      Total: 4
[2019-08-29] test02InsertSale()
[2019-08-29] ==>  Preparing: insert into sale (code, price, saleCnt, marginRate) values (?, ?, ?, ?) 
[2019-08-29] ==> Parameters: B003(String), 3000(Integer), 175(Integer), 12(Integer)
[2019-08-29] <==    Updates: 1
[2019-08-29] test01SelectSaleByAll()
[2019-08-29] ==>  Preparing: select no, code, price, saleCnt, marginRate from sale 
[2019-08-29] ==> Parameters: 
[2019-08-29] <==    Columns: no, code, price, saleCnt, marginRate
[2019-08-29] <==        Row: 1, A001, 4500, 150, 10
[2019-08-29] <==        Row: 2, A002, 3800, 140, 15
[2019-08-29] <==        Row: 3, B001, 5200, 250, 12
[2019-08-29] <==        Row: 4, B002, 4300, 110, 11
[2019-08-29] <==        Row: 5, B003, 3000, 175, 12
[2019-08-29] <==      Total: 5
[2019-08-29] test03SelectSaleRankTrue()
[2019-08-29] ==>  Preparing: {call price_rank(?)} 
[2019-08-29] ==> Parameters: true(Boolean)
[2019-08-29] <==    Columns: code, name, no, price, saleCnt, marginRate, salePrice, addTax, supplyTax, marginPrice, rank
[2019-08-29] <==        Row: B001, µþ±â½¦ÀÌÅ©, 3, 5200, 250, 12, 1300000, 118182, 1181819, 141818, 1
[2019-08-29] <==        Row: A001, ¾Æ¸Þ¸®Ä«³ë, 1, 4500, 150, 10, 675000, 61364, 613637, 61364, 2
[2019-08-29] <==        Row: A002, Ä«ÇªÄ¡³ë, 2, 3800, 140, 15, 532000, 48364, 483637, 72545, 3
[2019-08-29] <==        Row: B003, ÆÏºù¼ö, 5, 3000, 175, 12, 525000, 47728, 477273, 57273, 4
[2019-08-29] <==        Row: B002, ÈÄ¸£Ã÷¿ÍÀÎ, 4, 4300, 110, 11, 473000, 43000, 430000, 47300, 5
[2019-08-29] <==      Total: 5
[2019-08-29] <==    Updates: 0
[2019-08-29] test04SelectSaleRankFalse()
[2019-08-29] ==>  Preparing: {call price_rank(?)} 
[2019-08-29] ==> Parameters: false(Boolean)
[2019-08-29] <==    Columns: code, name, no, price, saleCnt, marginRate, salePrice, addTax, supplyTax, marginPrice, rank
[2019-08-29] <==        Row: B001, µþ±â½¦ÀÌÅ©, 3, 5200, 250, 12, 1300000, 118182, 1181819, 141818, 1
[2019-08-29] <==        Row: A002, Ä«ÇªÄ¡³ë, 2, 3800, 140, 15, 532000, 48364, 483637, 72545, 2
[2019-08-29] <==        Row: A001, ¾Æ¸Þ¸®Ä«³ë, 1, 4500, 150, 10, 675000, 61364, 613637, 61364, 3
[2019-08-29] <==        Row: B003, ÆÏºù¼ö, 5, 3000, 175, 12, 525000, 47728, 477273, 57273, 4
[2019-08-29] <==        Row: B002, ÈÄ¸£Ã÷¿ÍÀÎ, 4, 4300, 110, 11, 473000, 43000, 430000, 47300, 5
[2019-08-29] <==      Total: 5
[2019-08-29] <==    Updates: 0
[2019-08-29] testOpenSession()
[2019-08-29] session org.apache.ibatis.session.defaults.DefaultSqlSession@75f4f2b9
[2019-08-29] test01SelectProductByAll()
[2019-08-29] ==>  Preparing: select code, name from product 
[2019-08-29] ==> Parameters: 
[2019-08-29] <==    Columns: code, name
[2019-08-29] <==        Row: A001, ì•„ë©”ë¦¬ì¹´ë…¸
[2019-08-29] <==        Row: A002, ì¹´í‘¸ì¹˜ë…¸
[2019-08-29] <==        Row: A003, í—¤ì´ì¦ë„›
[2019-08-29] <==        Row: A004, ì—ìŠ¤í”„ë ˆì†Œ
[2019-08-29] <==        Row: B001, ë”¸ê¸°ì‰ì´í¬
[2019-08-29] <==        Row: B002, í›„ë¥´ì¸ ì™€ì¸
[2019-08-29] <==        Row: B003, íŒ¥ë¹™ìˆ˜
[2019-08-29] <==        Row: B004, ì•„ì´ìŠ¤ì´ˆì½”
[2019-08-29] <==      Total: 8
[2019-08-29] test02SelectProductByCode()
[2019-08-29] ==>  Preparing: select code, name from product where code = ? 
[2019-08-29] ==> Parameters: A001(String)
[2019-08-29] <==    Columns: code, name
[2019-08-29] <==        Row: A001, ì•„ë©”ë¦¬ì¹´ë…¸
[2019-08-29] <==      Total: 1
[2019-08-29] testOpenSession()
[2019-08-29] session org.apache.ibatis.session.defaults.DefaultSqlSession@52102734
[2019-08-29] test01SelectSaleByAll()
[2019-08-29] ==>  Preparing: select no, code, price, saleCnt, marginRate from sale 
[2019-08-29] ==> Parameters: 
[2019-08-29] <==    Columns: no, code, price, saleCnt, marginRate
[2019-08-29] <==        Row: 1, A001, 4500, 150, 10
[2019-08-29] <==        Row: 2, A002, 3800, 140, 15
[2019-08-29] <==        Row: 3, B001, 5200, 250, 12
[2019-08-29] <==        Row: 4, B002, 4300, 110, 11
[2019-08-29] <==        Row: 5, B003, 3000, 175, 12
[2019-08-29] <==      Total: 5
[2019-08-29] test02InsertSale()
[2019-08-29] ==>  Preparing: insert into sale (code, price, saleCnt, marginRate) values (?, ?, ?, ?) 
[2019-08-29] ==> Parameters: B003(String), 3000(Integer), 175(Integer), 12(Integer)
[2019-08-29] <==    Updates: 1
[2019-08-29] test01SelectSaleByAll()
[2019-08-29] ==>  Preparing: select no, code, price, saleCnt, marginRate from sale 
[2019-08-29] ==> Parameters: 
[2019-08-29] <==    Columns: no, code, price, saleCnt, marginRate
[2019-08-29] <==        Row: 1, A001, 4500, 150, 10
[2019-08-29] <==        Row: 2, A002, 3800, 140, 15
[2019-08-29] <==        Row: 3, B001, 5200, 250, 12
[2019-08-29] <==        Row: 4, B002, 4300, 110, 11
[2019-08-29] <==        Row: 5, B003, 3000, 175, 12
[2019-08-29] <==        Row: 6, B003, 3000, 175, 12
[2019-08-29] <==      Total: 6
[2019-08-29] test03SelectSaleRankTrue()
[2019-08-29] ==>  Preparing: {call price_rank(?)} 
[2019-08-29] ==> Parameters: true(Boolean)
[2019-08-29] <==    Columns: code, name, no, price, saleCnt, marginRate, salePrice, addTax, supplyTax, marginPrice, rank
[2019-08-29] <==        Row: B001, ë”¸ê¸°ì‰ì´í¬, 3, 5200, 250, 12, 1300000, 118182, 1181819, 141818, 1
[2019-08-29] <==        Row: A001, ì•„ë©”ë¦¬ì¹´ë…¸, 1, 4500, 150, 10, 675000, 61364, 613637, 61364, 2
[2019-08-29] <==        Row: A002, ì¹´í‘¸ì¹˜ë…¸, 2, 3800, 140, 15, 532000, 48364, 483637, 72545, 3
[2019-08-29] <==        Row: B003, íŒ¥ë¹™ìˆ˜, 5, 3000, 175, 12, 525000, 47728, 477273, 57273, 4
[2019-08-29] <==        Row: B003, íŒ¥ë¹™ìˆ˜, 6, 3000, 175, 12, 525000, 47728, 477273, 57273, 4
[2019-08-29] <==        Row: B002, í›„ë¥´ì¸ ì™€ì¸, 4, 4300, 110, 11, 473000, 43000, 430000, 47300, 5
[2019-08-29] <==      Total: 6
[2019-08-29] <==    Updates: 0
[2019-08-29] test04SelectSaleRankFalse()
[2019-08-29] ==>  Preparing: {call price_rank(?)} 
[2019-08-29] ==> Parameters: false(Boolean)
[2019-08-29] <==    Columns: code, name, no, price, saleCnt, marginRate, salePrice, addTax, supplyTax, marginPrice, rank
[2019-08-29] <==        Row: B001, ë”¸ê¸°ì‰ì´í¬, 3, 5200, 250, 12, 1300000, 118182, 1181819, 141818, 1
[2019-08-29] <==        Row: A002, ì¹´í‘¸ì¹˜ë…¸, 2, 3800, 140, 15, 532000, 48364, 483637, 72545, 2
[2019-08-29] <==        Row: A001, ì•„ë©”ë¦¬ì¹´ë…¸, 1, 4500, 150, 10, 675000, 61364, 613637, 61364, 3
[2019-08-29] <==        Row: B003, íŒ¥ë¹™ìˆ˜, 5, 3000, 175, 12, 525000, 47728, 477273, 57273, 4
[2019-08-29] <==        Row: B003, íŒ¥ë¹™ìˆ˜, 6, 3000, 175, 12, 525000, 47728, 477273, 57273, 4
[2019-08-29] <==        Row: B002, í›„ë¥´ì¸ ì™€ì¸, 4, 4300, 110, 11, 473000, 43000, 430000, 47300, 5
[2019-08-29] <==      Total: 6
[2019-08-29] <==    Updates: 0
[2019-08-29] ==>  Preparing: {call price_rank(?)} 
[2019-08-29] ==> Parameters: true(Boolean)
[2019-08-29] <==    Columns: code, name, no, price, saleCnt, marginRate, salePrice, addTax, supplyTax, marginPrice, rank
[2019-08-29] <==        Row: B001, ë”¸ê¸°ì‰ì´í¬, 3, 5200, 250, 12, 1300000, 118182, 1181819, 141818, 1
[2019-08-29] <==        Row: A001, ì•„ë©”ë¦¬ì¹´ë…¸, 1, 4500, 150, 10, 675000, 61364, 613637, 61364, 2
[2019-08-29] <==        Row: A002, ì¹´í‘¸ì¹˜ë…¸, 2, 3800, 140, 15, 532000, 48364, 483637, 72545, 3
[2019-08-29] <==        Row: B003, íŒ¥ë¹™ìˆ˜, 6, 3000, 175, 12, 525000, 47728, 477273, 57273, 4
[2019-08-29] <==        Row: B003, íŒ¥ë¹™ìˆ˜, 5, 3000, 175, 12, 525000, 47728, 477273, 57273, 4
[2019-08-29] <==        Row: B002, í›„ë¥´ì¸ ì™€ì¸, 4, 4300, 110, 11, 473000, 43000, 430000, 47300, 5
[2019-08-29] <==      Total: 6
[2019-08-29] <==    Updates: 0
[2019-08-29] ==>  Preparing: {call price_rank(?)} 
[2019-08-29] ==> Parameters: false(Boolean)
[2019-08-29] <==    Columns: code, name, no, price, saleCnt, marginRate, salePrice, addTax, supplyTax, marginPrice, rank
[2019-08-29] <==        Row: B001, ë”¸ê¸°ì‰ì´í¬, 3, 5200, 250, 12, 1300000, 118182, 1181819, 141818, 1
[2019-08-29] <==        Row: A002, ì¹´í‘¸ì¹˜ë…¸, 2, 3800, 140, 15, 532000, 48364, 483637, 72545, 2
[2019-08-29] <==        Row: A001, ì•„ë©”ë¦¬ì¹´ë…¸, 1, 4500, 150, 10, 675000, 61364, 613637, 61364, 3
[2019-08-29] <==        Row: B003, íŒ¥ë¹™ìˆ˜, 6, 3000, 175, 12, 525000, 47728, 477273, 57273, 4
[2019-08-29] <==        Row: B003, íŒ¥ë¹™ìˆ˜, 5, 3000, 175, 12, 525000, 47728, 477273, 57273, 4
[2019-08-29] <==        Row: B002, í›„ë¥´ì¸ ì™€ì¸, 4, 4300, 110, 11, 473000, 43000, 430000, 47300, 5
[2019-08-29] <==      Total: 6
[2019-08-29] <==    Updates: 0
[2019-08-29] ==>  Preparing: {call price_rank(?)} 
[2019-08-29] ==> Parameters: true(Boolean)
[2019-08-29] <==    Columns: code, name, no, price, saleCnt, marginRate, salePrice, addTax, supplyTax, marginPrice, rank
[2019-08-29] <==        Row: B001, ë”¸ê¸°ì‰ì´í¬, 3, 5200, 250, 12, 1300000, 118182, 1181819, 141818, 1
[2019-08-29] <==        Row: A001, ì•„ë©”ë¦¬ì¹´ë…¸, 1, 4500, 150, 10, 675000, 61364, 613637, 61364, 2
[2019-08-29] <==        Row: A002, ì¹´í‘¸ì¹˜ë…¸, 2, 3800, 140, 15, 532000, 48364, 483637, 72545, 3
[2019-08-29] <==        Row: B003, íŒ¥ë¹™ìˆ˜, 6, 3000, 175, 12, 525000, 47728, 477273, 57273, 4
[2019-08-29] <==        Row: B003, íŒ¥ë¹™ìˆ˜, 5, 3000, 175, 12, 525000, 47728, 477273, 57273, 4
[2019-08-29] <==        Row: B002, í›„ë¥´ì¸ ì™€ì¸, 4, 4300, 110, 11, 473000, 43000, 430000, 47300, 5
[2019-08-29] <==      Total: 6
[2019-08-29] <==    Updates: 0
[2019-08-29] ==>  Preparing: {call price_rank(?)} 
[2019-08-29] ==> Parameters: false(Boolean)
[2019-08-29] <==    Columns: code, name, no, price, saleCnt, marginRate, salePrice, addTax, supplyTax, marginPrice, rank
[2019-08-29] <==        Row: B001, ë”¸ê¸°ì‰ì´í¬, 3, 5200, 250, 12, 1300000, 118182, 1181819, 141818, 1
[2019-08-29] <==        Row: A002, ì¹´í‘¸ì¹˜ë…¸, 2, 3800, 140, 15, 532000, 48364, 483637, 72545, 2
[2019-08-29] <==        Row: A001, ì•„ë©”ë¦¬ì¹´ë…¸, 1, 4500, 150, 10, 675000, 61364, 613637, 61364, 3
[2019-08-29] <==        Row: B003, íŒ¥ë¹™ìˆ˜, 6, 3000, 175, 12, 525000, 47728, 477273, 57273, 4
[2019-08-29] <==        Row: B003, íŒ¥ë¹™ìˆ˜, 5, 3000, 175, 12, 525000, 47728, 477273, 57273, 4
[2019-08-29] <==        Row: B002, í›„ë¥´ì¸ ì™€ì¸, 4, 4300, 110, 11, 473000, 43000, 430000, 47300, 5
[2019-08-29] <==      Total: 6
[2019-08-29] <==    Updates: 0
[2019-08-29] ==>  Preparing: select code, name from product where code = ? 
[2019-08-29] ==> Parameters: B004(String)
[2019-08-29] <==    Columns: code, name
[2019-08-29] <==        Row: B004, ì•„ì´ìŠ¤ì´ˆì½”
[2019-08-29] <==      Total: 1
[2019-08-29] ==>  Preparing: insert into sale (code, price, saleCnt, marginRate) values (?, ?, ?, ?) 
[2019-08-29] ==> Parameters: B004(String), 6000(Integer), 100(Integer), 10(Integer)
[2019-08-29] <==    Updates: 1
[2019-08-29] ==>  Preparing: {call price_rank(?)} 
[2019-08-29] ==> Parameters: true(Boolean)
[2019-08-29] <==    Columns: code, name, no, price, saleCnt, marginRate, salePrice, addTax, supplyTax, marginPrice, rank
[2019-08-29] <==        Row: B001, ë”¸ê¸°ì‰ì´í¬, 3, 5200, 250, 12, 1300000, 118182, 1181819, 141818, 1
[2019-08-29] <==        Row: A001, ì•„ë©”ë¦¬ì¹´ë…¸, 1, 4500, 150, 10, 675000, 61364, 613637, 61364, 2
[2019-08-29] <==        Row: B004, ì•„ì´ìŠ¤ì´ˆì½”, 7, 6000, 100, 10, 600000, 54546, 545455, 54545, 3
[2019-08-29] <==        Row: A002, ì¹´í‘¸ì¹˜ë…¸, 2, 3800, 140, 15, 532000, 48364, 483637, 72545, 4
[2019-08-29] <==        Row: B003, íŒ¥ë¹™ìˆ˜, 6, 3000, 175, 12, 525000, 47728, 477273, 57273, 5
[2019-08-29] <==        Row: B003, íŒ¥ë¹™ìˆ˜, 5, 3000, 175, 12, 525000, 47728, 477273, 57273, 5
[2019-08-29] <==        Row: B002, í›„ë¥´ì¸ ì™€ì¸, 4, 4300, 110, 11, 473000, 43000, 430000, 47300, 6
[2019-08-29] <==      Total: 7
[2019-08-29] <==    Updates: 0
[2019-08-29] ==>  Preparing: {call price_rank(?)} 
[2019-08-29] ==> Parameters: false(Boolean)
[2019-08-29] <==    Columns: code, name, no, price, saleCnt, marginRate, salePrice, addTax, supplyTax, marginPrice, rank
[2019-08-29] <==        Row: B001, ë”¸ê¸°ì‰ì´í¬, 3, 5200, 250, 12, 1300000, 118182, 1181819, 141818, 1
[2019-08-29] <==        Row: A002, ì¹´í‘¸ì¹˜ë…¸, 2, 3800, 140, 15, 532000, 48364, 483637, 72545, 2
[2019-08-29] <==        Row: A001, ì•„ë©”ë¦¬ì¹´ë…¸, 1, 4500, 150, 10, 675000, 61364, 613637, 61364, 3
[2019-08-29] <==        Row: B003, íŒ¥ë¹™ìˆ˜, 6, 3000, 175, 12, 525000, 47728, 477273, 57273, 4
[2019-08-29] <==        Row: B003, íŒ¥ë¹™ìˆ˜, 5, 3000, 175, 12, 525000, 47728, 477273, 57273, 4
[2019-08-29] <==        Row: B004, ì•„ì´ìŠ¤ì´ˆì½”, 7, 6000, 100, 10, 600000, 54546, 545455, 54545, 5
[2019-08-29] <==        Row: B002, í›„ë¥´ì¸ ì™€ì¸, 4, 4300, 110, 11, 473000, 43000, 430000, 47300, 6
[2019-08-29] <==      Total: 7
[2019-08-29] <==    Updates: 0
[2019-08-29] ==>  Preparing: {call price_rank(?)} 
[2019-08-29] ==> Parameters: false(Boolean)
[2019-08-29] <==    Columns: code, name, no, price, saleCnt, marginRate, salePrice, addTax, supplyTax, marginPrice, rank
[2019-08-29] <==        Row: B001, ë”¸ê¸°ì‰ì´í¬, 3, 5200, 250, 12, 1300000, 118182, 1181819, 141818, 1
[2019-08-29] <==        Row: A002, ì¹´í‘¸ì¹˜ë…¸, 2, 3800, 140, 15, 532000, 48364, 483637, 72545, 2
[2019-08-29] <==        Row: A001, ì•„ë©”ë¦¬ì¹´ë…¸, 1, 4500, 150, 10, 675000, 61364, 613637, 61364, 3
[2019-08-29] <==        Row: B003, íŒ¥ë¹™ìˆ˜, 5, 3000, 175, 12, 525000, 47728, 477273, 57273, 4
[2019-08-29] <==        Row: B003, íŒ¥ë¹™ìˆ˜, 6, 3000, 175, 12, 525000, 47728, 477273, 57273, 4
[2019-08-29] <==        Row: B004, ì•„ì´ìŠ¤ì´ˆì½”, 7, 6000, 100, 10, 600000, 54546, 545455, 54545, 5
[2019-08-29] <==        Row: B002, í›„ë¥´ì¸ ì™€ì¸, 4, 4300, 110, 11, 473000, 43000, 430000, 47300, 6
[2019-08-29] <==      Total: 7
[2019-08-29] <==    Updates: 0
[2019-08-29] ==>  Preparing: select code, name from product where code = ? 
[2019-08-29] ==> Parameters: ffff(String)
[2019-08-29] <==      Total: 0
[2019-08-29] ==>  Preparing: select code, name from product where code = ? 
[2019-08-29] ==> Parameters: A003(String)
[2019-08-29] <==    Columns: code, name
[2019-08-29] <==        Row: A003, í—¤ì´ì¦ë„›
[2019-08-29] <==      Total: 1
[2019-08-29] ==>  Preparing: select code, name from product where code = ? 
[2019-08-29] ==> Parameters: A001(String)
[2019-08-29] <==    Columns: code, name
[2019-08-29] <==        Row: A001, ì•„ë©”ë¦¬ì¹´ë…¸
[2019-08-29] <==      Total: 1
[2019-08-29] ==>  Preparing: select code, name from product where code = ? 
[2019-08-29] ==> Parameters: A003(String)
[2019-08-29] <==    Columns: code, name
[2019-08-29] <==        Row: A003, í—¤ì´ì¦ë„›
[2019-08-29] <==      Total: 1
[2019-08-29] ==>  Preparing: select code, name from product where code = ? 
[2019-08-29] ==> Parameters: A002(String)
[2019-08-29] <==    Columns: code, name
[2019-08-29] <==        Row: A002, ì¹´í‘¸ì¹˜ë…¸
[2019-08-29] <==      Total: 1
[2019-08-29] ==>  Preparing: select code, name from product where code = ? 
[2019-08-29] ==> Parameters: A001(String)
[2019-08-29] <==    Columns: code, name
[2019-08-29] <==        Row: A001, ì•„ë©”ë¦¬ì¹´ë…¸
[2019-08-29] <==      Total: 1
[2019-08-29] ==>  Preparing: insert into sale (code, price, saleCnt, marginRate) values (?, ?, ?, ?) 
[2019-08-29] ==> Parameters: A001(String), 5000(Integer), 150(Integer), 10(Integer)
[2019-08-29] <==    Updates: 1
[2019-08-29] ==>  Preparing: select code, name from product where code = ? 
[2019-08-29] ==> Parameters: A001(String)
[2019-08-29] <==    Columns: code, name
[2019-08-29] <==        Row: A001, ì•„ë©”ë¦¬ì¹´ë…¸
[2019-08-29] <==      Total: 1
[2019-08-29] ==>  Preparing: insert into sale (code, price, saleCnt, marginRate) values (?, ?, ?, ?) 
[2019-08-29] ==> Parameters: A001(String), 5100(Integer), 150(Integer), 10(Integer)
[2019-08-29] <==    Updates: 1
[2019-08-29] ==>  Preparing: {call price_rank(?)} 
[2019-08-29] ==> Parameters: true(Boolean)
[2019-08-29] <==    Columns: code, name, no, price, saleCnt, marginRate, salePrice, addTax, supplyTax, marginPrice, rank
[2019-08-29] <==        Row: B001, ë”¸ê¸°ì‰ì´í¬, 3, 5200, 250, 12, 1300000, 118182, 1181819, 141818, 1
[2019-08-29] <==        Row: A001, ì•„ë©”ë¦¬ì¹´ë…¸, 9, 5100, 150, 10, 765000, 69546, 695455, 69545, 2
[2019-08-29] <==        Row: A001, ì•„ë©”ë¦¬ì¹´ë…¸, 8, 5000, 150, 10, 750000, 68182, 681819, 68182, 3
[2019-08-29] <==        Row: A001, ì•„ë©”ë¦¬ì¹´ë…¸, 1, 4500, 150, 10, 675000, 61364, 613637, 61364, 4
[2019-08-29] <==        Row: B004, ì•„ì´ìŠ¤ì´ˆì½”, 7, 6000, 100, 10, 600000, 54546, 545455, 54545, 5
[2019-08-29] <==        Row: A002, ì¹´í‘¸ì¹˜ë…¸, 2, 3800, 140, 15, 532000, 48364, 483637, 72545, 6
[2019-08-29] <==        Row: B003, íŒ¥ë¹™ìˆ˜, 6, 3000, 175, 12, 525000, 47728, 477273, 57273, 7
[2019-08-29] <==        Row: B003, íŒ¥ë¹™ìˆ˜, 5, 3000, 175, 12, 525000, 47728, 477273, 57273, 7
[2019-08-29] <==        Row: B002, í›„ë¥´ì¸ ì™€ì¸, 4, 4300, 110, 11, 473000, 43000, 430000, 47300, 8
[2019-08-29] <==      Total: 9
[2019-08-29] <==    Updates: 0
[2019-08-29] ==>  Preparing: select code, name from product where code = ? 
[2019-08-29] ==> Parameters: a001(String)
[2019-08-29] <==    Columns: code, name
[2019-08-29] <==        Row: A001, ì•„ë©”ë¦¬ì¹´ë…¸
[2019-08-29] <==      Total: 1
[2019-08-29] ==>  Preparing: insert into sale (code, price, saleCnt, marginRate) values (?, ?, ?, ?) 
[2019-08-29] ==> Parameters: a001(String), 52415412(Integer), 576243(Integer), 10(Integer)
[2019-08-29] <==    Updates: 1
[2019-08-29] ==>  Preparing: {call price_rank(?)} 
[2019-08-29] ==> Parameters: true(Boolean)
[2019-08-29] <==    Columns: code, name, no, price, saleCnt, marginRate, salePrice, addTax, supplyTax, marginPrice, rank
[2019-08-29] <==        Row: A001, ì•„ë©”ë¦¬ì¹´ë…¸, 10, 52415412, 576243, 10, 30204014257116, 2745819477920, 27458194779197, 2745819477920, 1
[2019-08-29] ==>  Preparing: {call price_rank(?)} 
[2019-08-29] ==> Parameters: true(Boolean)
[2019-08-29] <==    Columns: code, name, no, price, saleCnt, marginRate, salePrice, addTax, supplyTax, marginPrice, rank
[2019-08-29] <==        Row: A001, ì•„ë©”ë¦¬ì¹´ë…¸, 10, 52415412, 576243, 10, 30204014257116, 2745819477920, 27458194779197, 2745819477920, 1
[2019-08-29] ==>  Preparing: {call price_rank(?)} 
[2019-08-29] ==> Parameters: true(Boolean)
[2019-08-29] <==    Columns: code, name, no, price, saleCnt, marginRate, salePrice, addTax, supplyTax, marginPrice, rank
[2019-08-29] <==        Row: A001, ì•„ë©”ë¦¬ì¹´ë…¸, 10, 52415412, 576243, 10, 30204014257116, 2745819477920, 27458194779197, 2745819477920, 1
[2019-08-29] ==>  Preparing: {call price_rank(?)} 
[2019-08-29] ==> Parameters: true(Boolean)
[2019-08-29] <==    Columns: code, name, no, price, saleCnt, marginRate, salePrice, addTax, supplyTax, marginPrice, rank
[2019-08-29] <==        Row: A001, ì•„ë©”ë¦¬ì¹´ë…¸, 10, 52415412, 576243, 10, 30204014257116, 2745819477920, 27458194779197, 2745819477920, 1
[2019-08-29] ==>  Preparing: {call price_rank(?)} 
[2019-08-29] ==> Parameters: false(Boolean)
[2019-08-29] <==    Columns: code, name, no, price, saleCnt, marginRate, salePrice, addTax, supplyTax, marginPrice, rank
[2019-08-29] <==        Row: A001, ì•„ë©”ë¦¬ì¹´ë…¸, 10, 52415412, 576243, 10, 30204014257116, 2745819477920, 27458194779197, 2745819477920, 1
[2019-08-29] ==>  Preparing: {call price_rank(?)} 
[2019-08-29] ==> Parameters: true(Boolean)
[2019-08-29] <==    Columns: code, name, no, price, saleCnt, marginRate, salePrice, addTax, supplyTax, marginPrice, rank
[2019-08-29] <==        Row: A001, ì•„ë©”ë¦¬ì¹´ë…¸, 10, 52415412, 576243, 10, 30204014257116, 2745819477920, 27458194779197, 2745819477920, 1
[2019-08-29] ==>  Preparing: {call price_rank(?)} 
[2019-08-29] ==> Parameters: true(Boolean)
[2019-08-29] <==    Columns: code, name, no, price, saleCnt, marginRate, salePrice, addTax, supplyTax, marginPrice, rank
[2019-08-29] <==        Row: B001, ë”¸ê¸°ì‰ì´í¬, 3, 5200, 250, 12, 1300000, 118182, 1181819, 141818, 1
[2019-08-29] <==        Row: A001, ì•„ë©”ë¦¬ì¹´ë…¸, 9, 5100, 150, 10, 765000, 69546, 695455, 69545, 2
[2019-08-29] <==        Row: A001, ì•„ë©”ë¦¬ì¹´ë…¸, 8, 5000, 150, 10, 750000, 68182, 681819, 68182, 3
[2019-08-29] <==        Row: A001, ì•„ë©”ë¦¬ì¹´ë…¸, 1, 4500, 150, 10, 675000, 61364, 613637, 61364, 4
[2019-08-29] <==        Row: B004, ì•„ì´ìŠ¤ì´ˆì½”, 7, 6000, 100, 10, 600000, 54546, 545455, 54545, 5
[2019-08-29] <==        Row: A002, ì¹´í‘¸ì¹˜ë…¸, 2, 3800, 140, 15, 532000, 48364, 483637, 72545, 6
[2019-08-29] <==        Row: B003, íŒ¥ë¹™ìˆ˜, 6, 3000, 175, 12, 525000, 47728, 477273, 57273, 7
[2019-08-29] <==        Row: B003, íŒ¥ë¹™ìˆ˜, 5, 3000, 175, 12, 525000, 47728, 477273, 57273, 7
[2019-08-29] <==        Row: B002, í›„ë¥´ì¸ ì™€ì¸, 4, 4300, 110, 11, 473000, 43000, 430000, 47300, 8
[2019-08-29] <==      Total: 9
[2019-08-29] <==    Updates: 0
[2019-08-29] ==>  Preparing: {call price_rank(?)} 
[2019-08-29] ==> Parameters: false(Boolean)
[2019-08-29] <==    Columns: code, name, no, price, saleCnt, marginRate, salePrice, addTax, supplyTax, marginPrice, rank
[2019-08-29] <==        Row: B001, ë”¸ê¸°ì‰ì´í¬, 3, 5200, 250, 12, 1300000, 118182, 1181819, 141818, 1
[2019-08-29] <==        Row: A002, ì¹´í‘¸ì¹˜ë…¸, 2, 3800, 140, 15, 532000, 48364, 483637, 72545, 2
[2019-08-29] <==        Row: A001, ì•„ë©”ë¦¬ì¹´ë…¸, 9, 5100, 150, 10, 765000, 69546, 695455, 69545, 3
[2019-08-29] <==        Row: A001, ì•„ë©”ë¦¬ì¹´ë…¸, 8, 5000, 150, 10, 750000, 68182, 681819, 68182, 4
[2019-08-29] <==        Row: A001, ì•„ë©”ë¦¬ì¹´ë…¸, 1, 4500, 150, 10, 675000, 61364, 613637, 61364, 5
[2019-08-29] <==        Row: B003, íŒ¥ë¹™ìˆ˜, 6, 3000, 175, 12, 525000, 47728, 477273, 57273, 6
[2019-08-29] <==        Row: B003, íŒ¥ë¹™ìˆ˜, 5, 3000, 175, 12, 525000, 47728, 477273, 57273, 6
[2019-08-29] <==        Row: B004, ì•„ì´ìŠ¤ì´ˆì½”, 7, 6000, 100, 10, 600000, 54546, 545455, 54545, 7
[2019-08-29] <==        Row: B002, í›„ë¥´ì¸ ì™€ì¸, 4, 4300, 110, 11, 473000, 43000, 430000, 47300, 8
[2019-08-29] <==      Total: 9
[2019-08-29] <==    Updates: 0
[2019-08-29] ==>  Preparing: select code, name from product where code = ? 
[2019-08-29] ==> Parameters: A001(String)
[2019-08-29] <==    Columns: code, name
[2019-08-29] <==        Row: A001, ì•„ë©”ë¦¬ì¹´ë…¸
[2019-08-29] <==      Total: 1
[2019-08-29] ==>  Preparing: insert into sale (code, price, saleCnt, marginRate) values (?, ?, ?, ?) 
[2019-08-29] ==> Parameters: A001(String), 100000(Integer), 1000(Integer), 10(Integer)
[2019-08-29] <==    Updates: 1
[2019-08-29] ==>  Preparing: {call price_rank(?)} 
[2019-08-29] ==> Parameters: false(Boolean)
[2019-08-29] <==    Columns: code, name, no, price, saleCnt, marginRate, salePrice, addTax, supplyTax, marginPrice, rank
[2019-08-29] <==        Row: A001, ì•„ë©”ë¦¬ì¹´ë…¸, 11, 100000, 1000, 10, 100000000, 9090910, 90909091, 9090909, 1
[2019-08-29] <==        Row: B001, ë”¸ê¸°ì‰ì´í¬, 3, 5200, 250, 12, 1300000, 118182, 1181819, 141818, 2
[2019-08-29] <==        Row: A002, ì¹´í‘¸ì¹˜ë…¸, 2, 3800, 140, 15, 532000, 48364, 483637, 72545, 3
[2019-08-29] <==        Row: A001, ì•„ë©”ë¦¬ì¹´ë…¸, 9, 5100, 150, 10, 765000, 69546, 695455, 69545, 4
[2019-08-29] <==        Row: A001, ì•„ë©”ë¦¬ì¹´ë…¸, 8, 5000, 150, 10, 750000, 68182, 681819, 68182, 5
[2019-08-29] <==        Row: A001, ì•„ë©”ë¦¬ì¹´ë…¸, 1, 4500, 150, 10, 675000, 61364, 613637, 61364, 6
[2019-08-29] <==        Row: B003, íŒ¥ë¹™ìˆ˜, 6, 3000, 175, 12, 525000, 47728, 477273, 57273, 7
[2019-08-29] <==        Row: B003, íŒ¥ë¹™ìˆ˜, 5, 3000, 175, 12, 525000, 47728, 477273, 57273, 7
[2019-08-29] <==        Row: B004, ì•„ì´ìŠ¤ì´ˆì½”, 7, 6000, 100, 10, 600000, 54546, 545455, 54545, 8
[2019-08-29] <==        Row: B002, í›„ë¥´ì¸ ì™€ì¸, 4, 4300, 110, 11, 473000, 43000, 430000, 47300, 9
[2019-08-29] <==      Total: 10
[2019-08-29] <==    Updates: 0
[2019-08-29] ==>  Preparing: select code, name from product where code = ? 
[2019-08-29] ==> Parameters: 1323(String)
[2019-08-29] <==      Total: 0
[2019-08-29] ==>  Preparing: select code, name from product where code = ? 
[2019-08-29] ==> Parameters: 1111(String)
[2019-08-29] <==      Total: 0
[2019-08-29] ==>  Preparing: {call price_rank(?)} 
[2019-08-29] ==> Parameters: true(Boolean)
[2019-08-29] <==    Columns: code, name, no, price, saleCnt, marginRate, salePrice, addTax, supplyTax, marginPrice, rank
[2019-08-29] <==        Row: A001, ì•„ë©”ë¦¬ì¹´ë…¸, 11, 100000, 1000, 10, 100000000, 9090910, 90909091, 9090909, 1
[2019-08-29] <==        Row: B001, ë”¸ê¸°ì‰ì´í¬, 3, 5200, 250, 12, 1300000, 118182, 1181819, 141818, 2
[2019-08-29] <==        Row: A001, ì•„ë©”ë¦¬ì¹´ë…¸, 9, 5100, 150, 10, 765000, 69546, 695455, 69545, 3
[2019-08-29] <==        Row: A001, ì•„ë©”ë¦¬ì¹´ë…¸, 8, 5000, 150, 10, 750000, 68182, 681819, 68182, 4
[2019-08-29] <==        Row: A001, ì•„ë©”ë¦¬ì¹´ë…¸, 1, 4500, 150, 10, 675000, 61364, 613637, 61364, 5
[2019-08-29] <==        Row: B004, ì•„ì´ìŠ¤ì´ˆì½”, 7, 6000, 100, 10, 600000, 54546, 545455, 54545, 6
[2019-08-29] <==        Row: A002, ì¹´í‘¸ì¹˜ë…¸, 2, 3800, 140, 15, 532000, 48364, 483637, 72545, 7
[2019-08-29] <==        Row: B003, íŒ¥ë¹™ìˆ˜, 6, 3000, 175, 12, 525000, 47728, 477273, 57273, 8
[2019-08-29] <==        Row: B003, íŒ¥ë¹™ìˆ˜, 5, 3000, 175, 12, 525000, 47728, 477273, 57273, 8
[2019-08-29] <==        Row: B002, í›„ë¥´ì¸ ì™€ì¸, 4, 4300, 110, 11, 473000, 43000, 430000, 47300, 9
[2019-08-29] <==      Total: 10
[2019-08-29] <==    Updates: 0
[2019-08-29] ==>  Preparing: {call price_rank(?)} 
[2019-08-29] ==> Parameters: false(Boolean)
[2019-08-29] <==    Columns: code, name, no, price, saleCnt, marginRate, salePrice, addTax, supplyTax, marginPrice, rank
[2019-08-29] <==        Row: A001, ì•„ë©”ë¦¬ì¹´ë…¸, 11, 100000, 1000, 10, 100000000, 9090910, 90909091, 9090909, 1
[2019-08-29] <==        Row: B001, ë”¸ê¸°ì‰ì´í¬, 3, 5200, 250, 12, 1300000, 118182, 1181819, 141818, 2
[2019-08-29] <==        Row: A002, ì¹´í‘¸ì¹˜ë…¸, 2, 3800, 140, 15, 532000, 48364, 483637, 72545, 3
[2019-08-29] <==        Row: A001, ì•„ë©”ë¦¬ì¹´ë…¸, 9, 5100, 150, 10, 765000, 69546, 695455, 69545, 4
[2019-08-29] <==        Row: A001, ì•„ë©”ë¦¬ì¹´ë…¸, 8, 5000, 150, 10, 750000, 68182, 681819, 68182, 5
[2019-08-29] <==        Row: A001, ì•„ë©”ë¦¬ì¹´ë…¸, 1, 4500, 150, 10, 675000, 61364, 613637, 61364, 6
[2019-08-29] <==        Row: B003, íŒ¥ë¹™ìˆ˜, 6, 3000, 175, 12, 525000, 47728, 477273, 57273, 7
[2019-08-29] <==        Row: B003, íŒ¥ë¹™ìˆ˜, 5, 3000, 175, 12, 525000, 47728, 477273, 57273, 7
[2019-08-29] <==        Row: B004, ì•„ì´ìŠ¤ì´ˆì½”, 7, 6000, 100, 10, 600000, 54546, 545455, 54545, 8
[2019-08-29] <==        Row: B002, í›„ë¥´ì¸ ì™€ì¸, 4, 4300, 110, 11, 473000, 43000, 430000, 47300, 9
[2019-08-29] <==      Total: 10
[2019-08-29] <==    Updates: 0
[2019-08-29] ==>  Preparing: {call price_rank(?)} 
[2019-08-29] ==> Parameters: true(Boolean)
[2019-08-29] <==    Columns: code, name, no, price, saleCnt, marginRate, salePrice, addTax, supplyTax, marginPrice, rank
[2019-08-29] <==        Row: A001, ì•„ë©”ë¦¬ì¹´ë…¸, 11, 100000, 1000, 10, 100000000, 9090910, 90909091, 9090909, 1
[2019-08-29] <==        Row: B001, ë”¸ê¸°ì‰ì´í¬, 3, 5200, 250, 12, 1300000, 118182, 1181819, 141818, 2
[2019-08-29] <==        Row: A001, ì•„ë©”ë¦¬ì¹´ë…¸, 9, 5100, 150, 10, 765000, 69546, 695455, 69545, 3
[2019-08-29] <==        Row: A001, ì•„ë©”ë¦¬ì¹´ë…¸, 8, 5000, 150, 10, 750000, 68182, 681819, 68182, 4
[2019-08-29] <==        Row: A001, ì•„ë©”ë¦¬ì¹´ë…¸, 1, 4500, 150, 10, 675000, 61364, 613637, 61364, 5
[2019-08-29] <==        Row: B004, ì•„ì´ìŠ¤ì´ˆì½”, 7, 6000, 100, 10, 600000, 54546, 545455, 54545, 6
[2019-08-29] <==        Row: A002, ì¹´í‘¸ì¹˜ë…¸, 2, 3800, 140, 15, 532000, 48364, 483637, 72545, 7
[2019-08-29] <==        Row: B003, íŒ¥ë¹™ìˆ˜, 6, 3000, 175, 12, 525000, 47728, 477273, 57273, 8
[2019-08-29] <==        Row: B003, íŒ¥ë¹™ìˆ˜, 5, 3000, 175, 12, 525000, 47728, 477273, 57273, 8
[2019-08-29] <==        Row: B002, í›„ë¥´ì¸ ì™€ì¸, 4, 4300, 110, 11, 473000, 43000, 430000, 47300, 9
[2019-08-29] <==      Total: 10
[2019-08-29] <==    Updates: 0
[2019-08-29] ==>  Preparing: {call price_rank(?)} 
[2019-08-29] ==> Parameters: true(Boolean)
[2019-08-29] <==    Columns: code, name, no, price, saleCnt, marginRate, salePrice, addTax, supplyTax, marginPrice, rank
[2019-08-29] <==        Row: A001, ì•„ë©”ë¦¬ì¹´ë…¸, 11, 100000, 1000, 10, 100000000, 9090910, 90909091, 9090909, 1
[2019-08-29] <==        Row: B001, ë”¸ê¸°ì‰ì´í¬, 3, 5200, 250, 12, 1300000, 118182, 1181819, 141818, 2
[2019-08-29] <==        Row: A001, ì•„ë©”ë¦¬ì¹´ë…¸, 9, 5100, 150, 10, 765000, 69546, 695455, 69545, 3
[2019-08-29] <==        Row: A001, ì•„ë©”ë¦¬ì¹´ë…¸, 8, 5000, 150, 10, 750000, 68182, 681819, 68182, 4
[2019-08-29] <==        Row: A001, ì•„ë©”ë¦¬ì¹´ë…¸, 1, 4500, 150, 10, 675000, 61364, 613637, 61364, 5
[2019-08-29] <==        Row: B004, ì•„ì´ìŠ¤ì´ˆì½”, 7, 6000, 100, 10, 600000, 54546, 545455, 54545, 6
[2019-08-29] <==        Row: A002, ì¹´í‘¸ì¹˜ë…¸, 2, 3800, 140, 15, 532000, 48364, 483637, 72545, 7
[2019-08-29] <==        Row: B003, íŒ¥ë¹™ìˆ˜, 6, 3000, 175, 12, 525000, 47728, 477273, 57273, 8
[2019-08-29] <==        Row: B003, íŒ¥ë¹™ìˆ˜, 5, 3000, 175, 12, 525000, 47728, 477273, 57273, 8
[2019-08-29] <==        Row: B002, í›„ë¥´ì¸ ì™€ì¸, 4, 4300, 110, 11, 473000, 43000, 430000, 47300, 9
[2019-08-29] <==      Total: 10
[2019-08-29] <==    Updates: 0
[2019-08-29] ==>  Preparing: {call price_rank(?)} 
[2019-08-29] ==> Parameters: true(Boolean)
[2019-08-29] <==    Columns: code, name, no, price, saleCnt, marginRate, salePrice, addTax, supplyTax, marginPrice, rank
[2019-08-29] <==        Row: A001, ì•„ë©”ë¦¬ì¹´ë…¸, 11, 100000, 1000, 10, 100000000, 9090910, 90909091, 9090909, 1
[2019-08-29] <==        Row: B001, ë”¸ê¸°ì‰ì´í¬, 3, 5200, 250, 12, 1300000, 118182, 1181819, 141818, 2
[2019-08-29] <==        Row: A001, ì•„ë©”ë¦¬ì¹´ë…¸, 9, 5100, 150, 10, 765000, 69546, 695455, 69545, 3
[2019-08-29] <==        Row: A001, ì•„ë©”ë¦¬ì¹´ë…¸, 8, 5000, 150, 10, 750000, 68182, 681819, 68182, 4
[2019-08-29] <==        Row: A001, ì•„ë©”ë¦¬ì¹´ë…¸, 1, 4500, 150, 10, 675000, 61364, 613637, 61364, 5
[2019-08-29] <==        Row: B004, ì•„ì´ìŠ¤ì´ˆì½”, 7, 6000, 100, 10, 600000, 54546, 545455, 54545, 6
[2019-08-29] <==        Row: A002, ì¹´í‘¸ì¹˜ë…¸, 2, 3800, 140, 15, 532000, 48364, 483637, 72545, 7
[2019-08-29] <==        Row: B003, íŒ¥ë¹™ìˆ˜, 6, 3000, 175, 12, 525000, 47728, 477273, 57273, 8
[2019-08-29] <==        Row: B003, íŒ¥ë¹™ìˆ˜, 5, 3000, 175, 12, 525000, 47728, 477273, 57273, 8
[2019-08-29] <==        Row: B002, í›„ë¥´ì¸ ì™€ì¸, 4, 4300, 110, 11, 473000, 43000, 430000, 47300, 9
[2019-08-29] <==      Total: 10
[2019-08-29] <==    Updates: 0
[2019-08-29] ==>  Preparing: {call price_rank(?)} 
[2019-08-29] ==> Parameters: false(Boolean)
[2019-08-29] <==    Columns: code, name, no, price, saleCnt, marginRate, salePrice, addTax, supplyTax, marginPrice, rank
[2019-08-29] <==        Row: A001, ì•„ë©”ë¦¬ì¹´ë…¸, 11, 100000, 1000, 10, 100000000, 9090910, 90909091, 9090909, 1
[2019-08-29] <==        Row: B001, ë”¸ê¸°ì‰ì´í¬, 3, 5200, 250, 12, 1300000, 118182, 1181819, 141818, 2
[2019-08-29] <==        Row: A002, ì¹´í‘¸ì¹˜ë…¸, 2, 3800, 140, 15, 532000, 48364, 483637, 72545, 3
[2019-08-29] <==        Row: A001, ì•„ë©”ë¦¬ì¹´ë…¸, 9, 5100, 150, 10, 765000, 69546, 695455, 69545, 4
[2019-08-29] <==        Row: A001, ì•„ë©”ë¦¬ì¹´ë…¸, 8, 5000, 150, 10, 750000, 68182, 681819, 68182, 5
[2019-08-29] <==        Row: A001, ì•„ë©”ë¦¬ì¹´ë…¸, 1, 4500, 150, 10, 675000, 61364, 613637, 61364, 6
[2019-08-29] <==        Row: B003, íŒ¥ë¹™ìˆ˜, 6, 3000, 175, 12, 525000, 47728, 477273, 57273, 7
[2019-08-29] <==        Row: B003, íŒ¥ë¹™ìˆ˜, 5, 3000, 175, 12, 525000, 47728, 477273, 57273, 7
[2019-08-29] <==        Row: B004, ì•„ì´ìŠ¤ì´ˆì½”, 7, 6000, 100, 10, 600000, 54546, 545455, 54545, 8
[2019-08-29] <==        Row: B002, í›„ë¥´ì¸ ì™€ì¸, 4, 4300, 110, 11, 473000, 43000, 430000, 47300, 9
[2019-08-29] <==      Total: 10
[2019-08-29] <==    Updates: 0
[2019-08-29] ==>  Preparing: select code, name from product where code = ? 
[2019-08-29] ==> Parameters: aoo1(String)
[2019-08-29] <==      Total: 0
[2019-08-29] ==>  Preparing: select code, name from product where code = ? 
[2019-08-29] ==> Parameters: aoo1(String)
[2019-08-29] <==      Total: 0
[2019-08-29] ==>  Preparing: select code, name from product where code = ? 
[2019-08-29] ==> Parameters: a001(String)
[2019-08-29] <==    Columns: code, name
[2019-08-29] <==        Row: A001, ì•„ë©”ë¦¬ì¹´ë…¸
[2019-08-29] <==      Total: 1
[2019-08-29] ==>  Preparing: {call price_rank(?)} 
[2019-08-29] ==> Parameters: true(Boolean)
[2019-08-29] <==    Columns: code, name, no, price, saleCnt, marginRate, salePrice, addTax, supplyTax, marginPrice, rank
[2019-08-29] <==        Row: A001, ì•„ë©”ë¦¬ì¹´ë…¸, 11, 100000, 1000, 10, 100000000, 9090910, 90909091, 9090909, 1
[2019-08-29] <==        Row: B001, ë”¸ê¸°ì‰ì´í¬, 3, 5200, 250, 12, 1300000, 118182, 1181819, 141818, 2
[2019-08-29] <==        Row: A001, ì•„ë©”ë¦¬ì¹´ë…¸, 9, 5100, 150, 10, 765000, 69546, 695455, 69545, 3
[2019-08-29] <==        Row: A001, ì•„ë©”ë¦¬ì¹´ë…¸, 8, 5000, 150, 10, 750000, 68182, 681819, 68182, 4
[2019-08-29] <==        Row: A001, ì•„ë©”ë¦¬ì¹´ë…¸, 1, 4500, 150, 10, 675000, 61364, 613637, 61364, 5
[2019-08-29] <==        Row: B004, ì•„ì´ìŠ¤ì´ˆì½”, 7, 6000, 100, 10, 600000, 54546, 545455, 54545, 6
[2019-08-29] <==        Row: A002, ì¹´í‘¸ì¹˜ë…¸, 2, 3800, 140, 15, 532000, 48364, 483637, 72545, 7
[2019-08-29] <==        Row: B003, íŒ¥ë¹™ìˆ˜, 6, 3000, 175, 12, 525000, 47728, 477273, 57273, 8
[2019-08-29] <==        Row: B003, íŒ¥ë¹™ìˆ˜, 5, 3000, 175, 12, 525000, 47728, 477273, 57273, 8
[2019-08-29] <==        Row: B002, í›„ë¥´ì¸ ì™€ì¸, 4, 4300, 110, 11, 473000, 43000, 430000, 47300, 9
[2019-08-29] <==      Total: 10
[2019-08-29] <==    Updates: 0
[2019-08-29] ==>  Preparing: select code, name from product where code = ? 
[2019-08-29] ==> Parameters: A001(String)
[2019-08-29] <==    Columns: code, name
[2019-08-29] <==        Row: A001, ì•„ë©”ë¦¬ì¹´ë…¸
[2019-08-29] <==      Total: 1
[2019-08-29] ==>  Preparing: insert into sale (code, price, saleCnt, marginRate) values (?, ?, ?, ?) 
[2019-08-29] ==> Parameters: A001grfg(String), 1412(Integer), 121(Integer), 12(Integer)
[2019-08-29] ==>  Preparing: select code, name from product where code = ? 
[2019-08-29] ==> Parameters: dfsa(String)
[2019-08-29] <==      Total: 0
[2019-08-29] ==>  Preparing: insert into sale (code, price, saleCnt, marginRate) values (?, ?, ?, ?) 
[2019-08-29] ==> Parameters: dfsafdfasdf(String), 24312(Integer), 323(Integer), 23(Integer)
[2019-08-30] ==>  Preparing: {call price_rank(?)} 
[2019-08-30] ==> Parameters: true(Boolean)
[2019-08-30] <==    Columns: code, name, no, price, saleCnt, marginRate, salePrice, addTax, supplyTax, marginPrice, rank
[2019-08-30] <==        Row: A001, ì•„ë©”ë¦¬ì¹´ë…¸, 11, 100000, 1000, 10, 100000000, 9090910, 90909091, 9090909, 1
[2019-08-30] <==        Row: B001, ë”¸ê¸°ì‰ì´í¬, 3, 5200, 250, 12, 1300000, 118182, 1181819, 141818, 2
[2019-08-30] <==        Row: A001, ì•„ë©”ë¦¬ì¹´ë…¸, 9, 5100, 150, 10, 765000, 69546, 695455, 69545, 3
[2019-08-30] <==        Row: A001, ì•„ë©”ë¦¬ì¹´ë…¸, 8, 5000, 150, 10, 750000, 68182, 681819, 68182, 4
[2019-08-30] <==        Row: A001, ì•„ë©”ë¦¬ì¹´ë…¸, 1, 4500, 150, 10, 675000, 61364, 613637, 61364, 5
[2019-08-30] <==        Row: B004, ì•„ì´ìŠ¤ì´ˆì½”, 7, 6000, 100, 10, 600000, 54546, 545455, 54545, 6
[2019-08-30] <==        Row: A002, ì¹´í‘¸ì¹˜ë…¸, 2, 3800, 140, 15, 532000, 48364, 483637, 72545, 7
[2019-08-30] <==        Row: B003, íŒ¥ë¹™ìˆ˜, 6, 3000, 175, 12, 525000, 47728, 477273, 57273, 8
[2019-08-30] <==        Row: B003, íŒ¥ë¹™ìˆ˜, 5, 3000, 175, 12, 525000, 47728, 477273, 57273, 8
[2019-08-30] <==        Row: B002, í›„ë¥´ì¸ ì™€ì¸, 4, 4300, 110, 11, 473000, 43000, 430000, 47300, 9
[2019-08-30] <==      Total: 10
[2019-08-30] <==    Updates: 0
[2019-08-30] ==>  Preparing: {call price_rank(?)} 
[2019-08-30] ==> Parameters: false(Boolean)
[2019-08-30] <==    Columns: code, name, no, price, saleCnt, marginRate, salePrice, addTax, supplyTax, marginPrice, rank
[2019-08-30] <==        Row: A001, ì•„ë©”ë¦¬ì¹´ë…¸, 11, 100000, 1000, 10, 100000000, 9090910, 90909091, 9090909, 1
[2019-08-30] <==        Row: B001, ë”¸ê¸°ì‰ì´í¬, 3, 5200, 250, 12, 1300000, 118182, 1181819, 141818, 2
[2019-08-30] <==        Row: A002, ì¹´í‘¸ì¹˜ë…¸, 2, 3800, 140, 15, 532000, 48364, 483637, 72545, 3
[2019-08-30] <==        Row: A001, ì•„ë©”ë¦¬ì¹´ë…¸, 9, 5100, 150, 10, 765000, 69546, 695455, 69545, 4
[2019-08-30] <==        Row: A001, ì•„ë©”ë¦¬ì¹´ë…¸, 8, 5000, 150, 10, 750000, 68182, 681819, 68182, 5
[2019-08-30] <==        Row: A001, ì•„ë©”ë¦¬ì¹´ë…¸, 1, 4500, 150, 10, 675000, 61364, 613637, 61364, 6
[2019-08-30] <==        Row: B003, íŒ¥ë¹™ìˆ˜, 6, 3000, 175, 12, 525000, 47728, 477273, 57273, 7
[2019-08-30] <==        Row: B003, íŒ¥ë¹™ìˆ˜, 5, 3000, 175, 12, 525000, 47728, 477273, 57273, 7
[2019-08-30] <==        Row: B004, ì•„ì´ìŠ¤ì´ˆì½”, 7, 6000, 100, 10, 600000, 54546, 545455, 54545, 8
[2019-08-30] <==        Row: B002, í›„ë¥´ì¸ ì™€ì¸, 4, 4300, 110, 11, 473000, 43000, 430000, 47300, 9
[2019-08-30] <==      Total: 10
[2019-08-30] <==    Updates: 0
[2019-08-30] ==>  Preparing: select code, name from product where code = ? 
[2019-08-30] ==> Parameters: B005(String)
[2019-08-30] <==      Total: 0
[2019-08-30] ==>  Preparing: select code, name from product where code = ? 
[2019-08-30] ==> Parameters: B004(String)
[2019-08-30] <==    Columns: code, name
[2019-08-30] <==        Row: B004, ì•„ì´ìŠ¤ì´ˆì½”
[2019-08-30] <==      Total: 1
[2019-08-30] ==>  Preparing: insert into sale (code, price, saleCnt, marginRate) values (?, ?, ?, ?) 
[2019-08-30] ==> Parameters: B004(String), 500000000(Integer), 100(Integer), 10(Integer)
[2019-08-30] <==    Updates: 1
[2019-08-30] ==>  Preparing: {call price_rank(?)} 
[2019-08-30] ==> Parameters: true(Boolean)
[2019-08-30] <==    Columns: code, name, no, price, saleCnt, marginRate, salePrice, addTax, supplyTax, marginPrice, rank
[2019-08-30] <==        Row: B004, ì•„ì´ìŠ¤ì´ˆì½”, 12, 500000000, 100, 10, 50000000000, 4545454546, 45454545455, 4545454545, 1
[2019-08-30] ==>  Preparing: {call price_rank(?)} 
[2019-08-30] ==> Parameters: true(Boolean)
[2019-08-30] <==    Columns: code, name, no, price, saleCnt, marginRate, salePrice, addTax, supplyTax, marginPrice, rank
[2019-08-30] <==        Row: A001, ì•„ë©”ë¦¬ì¹´ë…¸, 11, 100000, 1000, 10, 100000000, 9090910, 90909091, 9090909, 1
[2019-08-30] <==        Row: B001, ë”¸ê¸°ì‰ì´í¬, 3, 5200, 250, 12, 1300000, 118182, 1181819, 141818, 2
[2019-08-30] <==        Row: A001, ì•„ë©”ë¦¬ì¹´ë…¸, 9, 5100, 150, 10, 765000, 69546, 695455, 69545, 3
[2019-08-30] <==        Row: A001, ì•„ë©”ë¦¬ì¹´ë…¸, 8, 5000, 150, 10, 750000, 68182, 681819, 68182, 4
[2019-08-30] <==        Row: A001, ì•„ë©”ë¦¬ì¹´ë…¸, 1, 4500, 150, 10, 675000, 61364, 613637, 61364, 5
[2019-08-30] <==        Row: B004, ì•„ì´ìŠ¤ì´ˆì½”, 7, 6000, 100, 10, 600000, 54546, 545455, 54545, 6
[2019-08-30] <==        Row: A002, ì¹´í‘¸ì¹˜ë…¸, 2, 3800, 140, 15, 532000, 48364, 483637, 72545, 7
[2019-08-30] <==        Row: B003, íŒ¥ë¹™ìˆ˜, 6, 3000, 175, 12, 525000, 47728, 477273, 57273, 8
[2019-08-30] <==        Row: B003, íŒ¥ë¹™ìˆ˜, 5, 3000, 175, 12, 525000, 47728, 477273, 57273, 8
[2019-08-30] <==        Row: B002, í›„ë¥´ì¸ ì™€ì¸, 4, 4300, 110, 11, 473000, 43000, 430000, 47300, 9
[2019-08-30] <==      Total: 10
[2019-08-30] <==    Updates: 0
[2019-08-30] ==>  Preparing: select code, name from product where code = ? 
[2019-08-30] ==> Parameters: a001(String)
[2019-08-30] <==    Columns: code, name
[2019-08-30] <==        Row: A001, ì•„ë©”ë¦¬ì¹´ë…¸
[2019-08-30] <==      Total: 1
[2019-08-30] ==>  Preparing: insert into sale (code, price, saleCnt, marginRate) values (?, ?, ?, ?) 
[2019-08-30] ==> Parameters: a001(String), 1000(Integer), 200(Integer), 20(Integer)
[2019-08-30] <==    Updates: 1
[2019-08-30] ==>  Preparing: select code, name from product where code = ? 
[2019-08-30] ==> Parameters: aoo1(String)
[2019-08-30] <==      Total: 0
[2019-08-30] ==>  Preparing: select code, name from product where code = ? 
[2019-08-30] ==> Parameters: a001(String)
[2019-08-30] <==    Columns: code, name
[2019-08-30] <==        Row: A001, ì•„ë©”ë¦¬ì¹´ë…¸
[2019-08-30] <==      Total: 1
[2019-08-30] ==>  Preparing: select code, name from product where code = ? 
[2019-08-30] ==> Parameters: a002(String)
[2019-08-30] <==    Columns: code, name
[2019-08-30] <==        Row: A002, ì¹´í‘¸ì¹˜ë…¸
[2019-08-30] <==      Total: 1
[2019-08-30] ==>  Preparing: insert into sale (code, price, saleCnt, marginRate) values (?, ?, ?, ?) 
[2019-08-30] ==> Parameters: a002(String), 1000(Integer), 200(Integer), 20(Integer)
[2019-08-30] <==    Updates: 1
[2019-08-30] ==>  Preparing: {call price_rank(?)} 
[2019-08-30] ==> Parameters: true(Boolean)
[2019-08-30] <==    Columns: code, name, no, price, saleCnt, marginRate, salePrice, addTax, supplyTax, marginPrice, rank
[2019-08-30] <==        Row: A001, ì•„ë©”ë¦¬ì¹´ë…¸, 11, 100000, 1000, 10, 100000000, 9090910, 90909091, 9090909, 1
[2019-08-30] <==        Row: B001, ë”¸ê¸°ì‰ì´í¬, 3, 5200, 250, 12, 1300000, 118182, 1181819, 141818, 2
[2019-08-30] <==        Row: A001, ì•„ë©”ë¦¬ì¹´ë…¸, 9, 5100, 150, 10, 765000, 69546, 695455, 69545, 3
[2019-08-30] <==        Row: A001, ì•„ë©”ë¦¬ì¹´ë…¸, 8, 5000, 150, 10, 750000, 68182, 681819, 68182, 4
[2019-08-30] <==        Row: A001, ì•„ë©”ë¦¬ì¹´ë…¸, 1, 4500, 150, 10, 675000, 61364, 613637, 61364, 5
[2019-08-30] <==        Row: B004, ì•„ì´ìŠ¤ì´ˆì½”, 7, 6000, 100, 10, 600000, 54546, 545455, 54545, 6
[2019-08-30] <==        Row: A002, ì¹´í‘¸ì¹˜ë…¸, 2, 3800, 140, 15, 532000, 48364, 483637, 72545, 7
[2019-08-30] <==        Row: B003, íŒ¥ë¹™ìˆ˜, 6, 3000, 175, 12, 525000, 47728, 477273, 57273, 8
[2019-08-30] <==        Row: B003, íŒ¥ë¹™ìˆ˜, 5, 3000, 175, 12, 525000, 47728, 477273, 57273, 8
[2019-08-30] <==        Row: B002, í›„ë¥´ì¸ ì™€ì¸, 4, 4300, 110, 11, 473000, 43000, 430000, 47300, 9
[2019-08-30] <==        Row: A002, ì¹´í‘¸ì¹˜ë…¸, 14, 1000, 200, 20, 200000, 18182, 181819, 36364, 10
[2019-08-30] <==        Row: A001, ì•„ë©”ë¦¬ì¹´ë…¸, 13, 1000, 200, 20, 200000, 18182, 181819, 36364, 10
[2019-08-30] <==      Total: 12
[2019-08-30] <==    Updates: 0
[2019-08-30] ==>  Preparing: select code, name from product where code = ? 
[2019-08-30] ==> Parameters: a001(String)
[2019-08-30] <==    Columns: code, name
[2019-08-30] <==        Row: A001, ì•„ë©”ë¦¬ì¹´ë…¸
[2019-08-30] <==      Total: 1
[2019-08-30] ==>  Preparing: select code, name from product where code = ? 
[2019-08-30] ==> Parameters: a001(String)
[2019-08-30] <==    Columns: code, name
[2019-08-30] <==        Row: A001, ì•„ë©”ë¦¬ì¹´ë…¸
[2019-08-30] <==      Total: 1
[2019-08-30] ==>  Preparing: select code, name from product where code = ? 
[2019-08-30] ==> Parameters: a001(String)
[2019-08-30] <==    Columns: code, name
[2019-08-30] <==        Row: A001, ì•„ë©”ë¦¬ì¹´ë…¸
[2019-08-30] <==      Total: 1
[2019-08-30] ==>  Preparing: select code, name from product where code = ? 
[2019-08-30] ==> Parameters: a002(String)
[2019-08-30] <==    Columns: code, name
[2019-08-30] <==        Row: A002, ì¹´í‘¸ì¹˜ë…¸
[2019-08-30] <==      Total: 1
[2019-08-30] ==>  Preparing: select code, name from product where code = ? 
[2019-08-30] ==> Parameters: a003(String)
[2019-08-30] <==    Columns: code, name
[2019-08-30] <==        Row: A003, í—¤ì´ì¦ë„›
[2019-08-30] <==      Total: 1
[2019-08-30] ==>  Preparing: select code, name from product where code = ? 
[2019-08-30] ==> Parameters: a004(String)
[2019-08-30] <==    Columns: code, name
[2019-08-30] <==        Row: A004, ì—ìŠ¤í”„ë ˆì†Œ
[2019-08-30] <==      Total: 1
[2019-08-30] ==>  Preparing: select code, name from product where code = ? 
[2019-08-30] ==> Parameters: 78y6(String)
[2019-08-30] <==      Total: 0
[2019-08-30] ==>  Preparing: select code, name from product where code = ? 
[2019-08-30] ==> Parameters: 78y6(String)
[2019-08-30] <==      Total: 0
[2019-08-30] ==>  Preparing: {call price_rank(?)} 
[2019-08-30] ==> Parameters: true(Boolean)
[2019-08-30] <==    Columns: code, name, no, price, saleCnt, marginRate, salePrice, addTax, supplyTax, marginPrice, rank
[2019-08-30] <==        Row: A001, ì•„ë©”ë¦¬ì¹´ë…¸, 11, 100000, 1000, 10, 100000000, 9090910, 90909091, 9090909, 1
[2019-08-30] <==        Row: B001, ë”¸ê¸°ì‰ì´í¬, 3, 5200, 250, 12, 1300000, 118182, 1181819, 141818, 2
[2019-08-30] <==        Row: A001, ì•„ë©”ë¦¬ì¹´ë…¸, 9, 5100, 150, 10, 765000, 69546, 695455, 69545, 3
[2019-08-30] <==        Row: A001, ì•„ë©”ë¦¬ì¹´ë…¸, 8, 5000, 150, 10, 750000, 68182, 681819, 68182, 4
[2019-08-30] <==        Row: A001, ì•„ë©”ë¦¬ì¹´ë…¸, 1, 4500, 150, 10, 675000, 61364, 613637, 61364, 5
[2019-08-30] <==        Row: B004, ì•„ì´ìŠ¤ì´ˆì½”, 7, 6000, 100, 10, 600000, 54546, 545455, 54545, 6
[2019-08-30] <==        Row: A002, ì¹´í‘¸ì¹˜ë…¸, 2, 3800, 140, 15, 532000, 48364, 483637, 72545, 7
[2019-08-30] <==        Row: B003, íŒ¥ë¹™ìˆ˜, 6, 3000, 175, 12, 525000, 47728, 477273, 57273, 8
[2019-08-30] <==        Row: B003, íŒ¥ë¹™ìˆ˜, 5, 3000, 175, 12, 525000, 47728, 477273, 57273, 8
[2019-08-30] <==        Row: B002, í›„ë¥´ì¸ ì™€ì¸, 4, 4300, 110, 11, 473000, 43000, 430000, 47300, 9
[2019-08-30] <==        Row: A002, ì¹´í‘¸ì¹˜ë…¸, 14, 1000, 200, 20, 200000, 18182, 181819, 36364, 10
[2019-08-30] <==        Row: A001, ì•„ë©”ë¦¬ì¹´ë…¸, 13, 1000, 200, 20, 200000, 18182, 181819, 36364, 10
[2019-08-30] <==      Total: 12
[2019-08-30] <==    Updates: 0
[2019-08-30] ==>  Preparing: {call price_rank(?)} 
[2019-08-30] ==> Parameters: true(Boolean)
[2019-08-30] <==    Columns: code, name, no, price, saleCnt, marginRate, salePrice, addTax, supplyTax, marginPrice, rank
[2019-08-30] <==        Row: B001, ë”¸ê¸°ì‰ì´í¬, 3, 5200, 250, 12, 1300000, 118182, 1181819, 141818, 1
[2019-08-30] <==        Row: A001, ì•„ë©”ë¦¬ì¹´ë…¸, 1, 4500, 150, 10, 675000, 61364, 613637, 61364, 2
[2019-08-30] <==        Row: A002, ì¹´í‘¸ì¹˜ë…¸, 2, 3800, 140, 15, 532000, 48364, 483637, 72545, 3
[2019-08-30] <==        Row: B002, í›„ë¥´ì¸ ì™€ì¸, 4, 4300, 110, 11, 473000, 43000, 430000, 47300, 4
[2019-08-30] <==      Total: 4
[2019-08-30] <==    Updates: 0
[2019-08-30] ==>  Preparing: {call price_rank(?)} 
[2019-08-30] ==> Parameters: false(Boolean)
[2019-08-30] <==    Columns: code, name, no, price, saleCnt, marginRate, salePrice, addTax, supplyTax, marginPrice, rank
[2019-08-30] <==        Row: B001, ë”¸ê¸°ì‰ì´í¬, 3, 5200, 250, 12, 1300000, 118182, 1181819, 141818, 1
[2019-08-30] <==        Row: A002, ì¹´í‘¸ì¹˜ë…¸, 2, 3800, 140, 15, 532000, 48364, 483637, 72545, 2
[2019-08-30] <==        Row: A001, ì•„ë©”ë¦¬ì¹´ë…¸, 1, 4500, 150, 10, 675000, 61364, 613637, 61364, 3
[2019-08-30] <==        Row: B002, í›„ë¥´ì¸ ì™€ì¸, 4, 4300, 110, 11, 473000, 43000, 430000, 47300, 4
[2019-08-30] <==      Total: 4
[2019-08-30] <==    Updates: 0
[2019-08-30] ==>  Preparing: select code, name from product where code = ? 
[2019-08-30] ==> Parameters: A003(String)
[2019-08-30] <==    Columns: code, name
[2019-08-30] <==        Row: A003, í—¤ì´ì¦ë„›
[2019-08-30] <==      Total: 1
[2019-08-30] ==>  Preparing: insert into sale (code, price, saleCnt, marginRate) values (?, ?, ?, ?) 
[2019-08-30] ==> Parameters: A003(String), 5000(Integer), 130(Integer), 20(Integer)
[2019-08-30] <==    Updates: 1
[2019-08-30] ==>  Preparing: {call price_rank(?)} 
[2019-08-30] ==> Parameters: true(Boolean)
[2019-08-30] <==    Columns: code, name, no, price, saleCnt, marginRate, salePrice, addTax, supplyTax, marginPrice, rank
[2019-08-30] <==        Row: B001, ë”¸ê¸°ì‰ì´í¬, 3, 5200, 250, 12, 1300000, 118182, 1181819, 141818, 1
[2019-08-30] <==        Row: A001, ì•„ë©”ë¦¬ì¹´ë…¸, 1, 4500, 150, 10, 675000, 61364, 613637, 61364, 2
[2019-08-30] <==        Row: A003, í—¤ì´ì¦ë„›, 5, 5000, 130, 20, 650000, 59091, 590910, 118182, 3
[2019-08-30] <==        Row: A002, ì¹´í‘¸ì¹˜ë…¸, 2, 3800, 140, 15, 532000, 48364, 483637, 72545, 4
[2019-08-30] <==        Row: B002, í›„ë¥´ì¸ ì™€ì¸, 4, 4300, 110, 11, 473000, 43000, 430000, 47300, 5
[2019-08-30] <==      Total: 5
[2019-08-30] <==    Updates: 0
[2019-08-30] ==>  Preparing: {call price_rank(?)} 
[2019-08-30] ==> Parameters: false(Boolean)
[2019-08-30] <==    Columns: code, name, no, price, saleCnt, marginRate, salePrice, addTax, supplyTax, marginPrice, rank
[2019-08-30] <==        Row: B001, ë”¸ê¸°ì‰ì´í¬, 3, 5200, 250, 12, 1300000, 118182, 1181819, 141818, 1
[2019-08-30] <==        Row: A003, í—¤ì´ì¦ë„›, 5, 5000, 130, 20, 650000, 59091, 590910, 118182, 2
[2019-08-30] <==        Row: A002, ì¹´í‘¸ì¹˜ë…¸, 2, 3800, 140, 15, 532000, 48364, 483637, 72545, 3
[2019-08-30] <==        Row: A001, ì•„ë©”ë¦¬ì¹´ë…¸, 1, 4500, 150, 10, 675000, 61364, 613637, 61364, 4
[2019-08-30] <==        Row: B002, í›„ë¥´ì¸ ì™€ì¸, 4, 4300, 110, 11, 473000, 43000, 430000, 47300, 5
[2019-08-30] <==      Total: 5
[2019-08-30] <==    Updates: 0
[2019-08-30] ==>  Preparing: {call price_rank(?)} 
[2019-08-30] ==> Parameters: true(Boolean)
[2019-08-30] <==    Columns: code, name, no, price, saleCnt, marginRate, salePrice, addTax, supplyTax, marginPrice, rank
[2019-08-30] <==        Row: B001, ë”¸ê¸°ì‰ì´í¬, 3, 5200, 250, 12, 1300000, 118182, 1181819, 141818, 1
[2019-08-30] <==        Row: A001, ì•„ë©”ë¦¬ì¹´ë…¸, 1, 4500, 150, 10, 675000, 61364, 613637, 61364, 2
[2019-08-30] <==        Row: A002, ì¹´í‘¸ì¹˜ë…¸, 2, 3800, 140, 15, 532000, 48364, 483637, 72545, 3
[2019-08-30] <==        Row: B002, í›„ë¥´ì¸ ì™€ì¸, 4, 4300, 110, 11, 473000, 43000, 430000, 47300, 4
[2019-08-30] <==      Total: 4
[2019-08-30] <==    Updates: 0
[2019-08-30] ==>  Preparing: select code, name from product where code = ? 
[2019-08-30] ==> Parameters: B004(String)
[2019-08-30] <==    Columns: code, name
[2019-08-30] <==        Row: B004, ì•„ì´ìŠ¤ì´ˆì½”
[2019-08-30] <==      Total: 1
[2019-08-30] ==>  Preparing: insert into sale (code, price, saleCnt, marginRate) values (?, ?, ?, ?) 
[2019-08-30] ==> Parameters: B004(String), 7000(Integer), 300(Integer), 25(Integer)
[2019-08-30] <==    Updates: 1
[2019-08-30] ==>  Preparing: {call price_rank(?)} 
[2019-08-30] ==> Parameters: true(Boolean)
[2019-08-30] <==    Columns: code, name, no, price, saleCnt, marginRate, salePrice, addTax, supplyTax, marginPrice, rank
[2019-08-30] <==        Row: B004, ì•„ì´ìŠ¤ì´ˆì½”, 5, 7000, 300, 25, 2100000, 190910, 1909091, 477273, 1
[2019-08-30] <==        Row: B001, ë”¸ê¸°ì‰ì´í¬, 3, 5200, 250, 12, 1300000, 118182, 1181819, 141818, 2
[2019-08-30] <==        Row: A001, ì•„ë©”ë¦¬ì¹´ë…¸, 1, 4500, 150, 10, 675000, 61364, 613637, 61364, 3
[2019-08-30] <==        Row: A002, ì¹´í‘¸ì¹˜ë…¸, 2, 3800, 140, 15, 532000, 48364, 483637, 72545, 4
[2019-08-30] <==        Row: B002, í›„ë¥´ì¸ ì™€ì¸, 4, 4300, 110, 11, 473000, 43000, 430000, 47300, 5
[2019-08-30] <==      Total: 5
[2019-08-30] <==    Updates: 0
[2019-08-30] ==>  Preparing: {call price_rank(?)} 
[2019-08-30] ==> Parameters: false(Boolean)
[2019-08-30] <==    Columns: code, name, no, price, saleCnt, marginRate, salePrice, addTax, supplyTax, marginPrice, rank
[2019-08-30] <==        Row: B004, ì•„ì´ìŠ¤ì´ˆì½”, 5, 7000, 300, 25, 2100000, 190910, 1909091, 477273, 1
[2019-08-30] <==        Row: B001, ë”¸ê¸°ì‰ì´í¬, 3, 5200, 250, 12, 1300000, 118182, 1181819, 141818, 2
[2019-08-30] <==        Row: A002, ì¹´í‘¸ì¹˜ë…¸, 2, 3800, 140, 15, 532000, 48364, 483637, 72545, 3
[2019-08-30] <==        Row: A001, ì•„ë©”ë¦¬ì¹´ë…¸, 1, 4500, 150, 10, 675000, 61364, 613637, 61364, 4
[2019-08-30] <==        Row: B002, í›„ë¥´ì¸ ì™€ì¸, 4, 4300, 110, 11, 473000, 43000, 430000, 47300, 5
[2019-08-30] <==      Total: 5
[2019-08-30] <==    Updates: 0
[2019-08-30] ==>  Preparing: select code, name from product where code = ? 
[2019-08-30] ==> Parameters: a001(String)
[2019-08-30] <==    Columns: code, name
[2019-08-30] <==        Row: A001, ì•„ë©”ë¦¬ì¹´ë…¸
[2019-08-30] <==      Total: 1
[2019-08-30] ==>  Preparing: select code, name from product where code = ? 
[2019-08-30] ==> Parameters: aoo1(String)
[2019-08-30] <==      Total: 0
[2019-08-30] ==>  Preparing: select code, name from product where code = ? 
[2019-08-30] ==> Parameters: a001(String)
[2019-08-30] <==    Columns: code, name
[2019-08-30] <==        Row: A001, ì•„ë©”ë¦¬ì¹´ë…¸
[2019-08-30] <==      Total: 1
[2019-08-30] ==>  Preparing: select code, name from product where code = ? 
[2019-08-30] ==> Parameters: a001(String)
[2019-08-30] <==    Columns: code, name
[2019-08-30] <==        Row: A001, ì•„ë©”ë¦¬ì¹´ë…¸
[2019-08-30] <==      Total: 1
[2019-08-30] ==>  Preparing: select code, name from product where code = ? 
[2019-08-30] ==> Parameters: a001(String)
[2019-08-30] <==    Columns: code, name
[2019-08-30] <==        Row: A001, ì•„ë©”ë¦¬ì¹´ë…¸
[2019-08-30] <==      Total: 1
[2019-08-30] ==>  Preparing: insert into sale (code, price, saleCnt, marginRate) values (?, ?, ?, ?) 
[2019-08-30] ==> Parameters: a001(String), 50000000(Integer), 120(Integer), 20(Integer)
[2019-08-30] <==    Updates: 1
[2019-08-30] ==>  Preparing: {call price_rank(?)} 
[2019-08-30] ==> Parameters: true(Boolean)
[2019-08-30] <==    Columns: code, name, no, price, saleCnt, marginRate, salePrice, addTax, supplyTax, marginPrice, rank
[2019-08-30] <==        Row: A001, ì•„ë©”ë¦¬ì¹´ë…¸, 6, 50000000, 120, 20, 6000000000, 545454546, 5454545455, 1090909091, 1
[2019-08-30] ==>  Preparing: select code, name from product where code = ? 
[2019-08-30] ==> Parameters: a001(String)
[2019-08-30] <==    Columns: code, name
[2019-08-30] <==        Row: A001, ì•„ë©”ë¦¬ì¹´ë…¸
[2019-08-30] <==      Total: 1
[2019-08-30] ==>  Preparing: insert into sale (code, price, saleCnt, marginRate) values (?, ?, ?, ?) 
[2019-08-30] ==> Parameters: a001(String), 9000000(Integer), 100(Integer), 20(Integer)
[2019-08-30] <==    Updates: 1
[2019-08-30] ==>  Preparing: {call price_rank(?)} 
[2019-08-30] ==> Parameters: true(Boolean)
[2019-08-30] <==    Columns: code, name, no, price, saleCnt, marginRate, salePrice, addTax, supplyTax, marginPrice, rank
[2019-08-30] <==        Row: A001, ì•„ë©”ë¦¬ì¹´ë…¸, 6, 50000000, 120, 20, 6000000000, 545454546, 5454545455, 1090909091, 1
[2019-08-30] <==        Row: A001, ì•„ë©”ë¦¬ì¹´ë…¸, 7, 9000000, 100, 20, 900000000, 81818182, 818181819, 163636364, 2
[2019-08-30] <==        Row: B004, ì•„ì´ìŠ¤ì´ˆì½”, 5, 7000, 300, 25, 2100000, 190910, 1909091, 477273, 3
[2019-08-30] <==        Row: B001, ë”¸ê¸°ì‰ì´í¬, 3, 5200, 250, 12, 1300000, 118182, 1181819, 141818, 4
[2019-08-30] <==        Row: A001, ì•„ë©”ë¦¬ì¹´ë…¸, 1, 4500, 150, 10, 675000, 61364, 613637, 61364, 5
[2019-08-30] <==        Row: A002, ì¹´í‘¸ì¹˜ë…¸, 2, 3800, 140, 15, 532000, 48364, 483637, 72545, 6
[2019-08-30] <==        Row: B002, í›„ë¥´ì¸ ì™€ì¸, 4, 4300, 110, 11, 473000, 43000, 430000, 47300, 7
[2019-08-30] <==      Total: 7
[2019-08-30] <==    Updates: 0
[2019-08-30] ==>  Preparing: select code, name from product where code = ? 
[2019-08-30] ==> Parameters: B003(String)
[2019-08-30] <==    Columns: code, name
[2019-08-30] <==        Row: B003, íŒ¥ë¹™ìˆ˜
[2019-08-30] <==      Total: 1
[2019-08-30] ==>  Preparing: insert into sale (code, price, saleCnt, marginRate) values (?, ?, ?, ?) 
[2019-08-30] ==> Parameters: B003(String), 90000000(Integer), 2000(Integer), 30(Integer)
[2019-08-30] <==    Updates: 1
[2019-08-30] ==>  Preparing: {call price_rank(?)} 
[2019-08-30] ==> Parameters: true(Boolean)
[2019-08-30] <==    Columns: code, name, no, price, saleCnt, marginRate, salePrice, addTax, supplyTax, marginPrice, rank
[2019-08-30] <==        Row: B003, íŒ¥ë¹™ìˆ˜, 8, 90000000, 2000, 30, 180000000000, 16363636364, 163636363637, 49090909091, 1
[2019-08-30] <==        Row: A001, ì•„ë©”ë¦¬ì¹´ë…¸, 6, 50000000, 120, 20, 6000000000, 545454546, 5454545455, 1090909091, 2
[2019-08-30] <==        Row: A001, ì•„ë©”ë¦¬ì¹´ë…¸, 7, 9000000, 100, 20, 900000000, 81818182, 818181819, 163636364, 3
[2019-08-30] <==        Row: B004, ì•„ì´ìŠ¤ì´ˆì½”, 5, 7000, 300, 25, 2100000, 190910, 1909091, 477273, 4
[2019-08-30] <==        Row: B001, ë”¸ê¸°ì‰ì´í¬, 3, 5200, 250, 12, 1300000, 118182, 1181819, 141818, 5
[2019-08-30] <==        Row: A001, ì•„ë©”ë¦¬ì¹´ë…¸, 1, 4500, 150, 10, 675000, 61364, 613637, 61364, 6
[2019-08-30] <==        Row: A002, ì¹´í‘¸ì¹˜ë…¸, 2, 3800, 140, 15, 532000, 48364, 483637, 72545, 7
[2019-08-30] <==        Row: B002, í›„ë¥´ì¸ ì™€ì¸, 4, 4300, 110, 11, 473000, 43000, 430000, 47300, 8
[2019-08-30] <==      Total: 8
[2019-08-30] <==    Updates: 0
[2019-08-30] ==>  Preparing: {call price_rank(?)} 
[2019-08-30] ==> Parameters: false(Boolean)
[2019-08-30] <==    Columns: code, name, no, price, saleCnt, marginRate, salePrice, addTax, supplyTax, marginPrice, rank
[2019-08-30] <==        Row: B003, íŒ¥ë¹™ìˆ˜, 8, 90000000, 2000, 30, 180000000000, 16363636364, 163636363637, 49090909091, 1
[2019-08-30] <==        Row: A001, ì•„ë©”ë¦¬ì¹´ë…¸, 6, 50000000, 120, 20, 6000000000, 545454546, 5454545455, 1090909091, 2
[2019-08-30] <==        Row: A001, ì•„ë©”ë¦¬ì¹´ë…¸, 7, 9000000, 100, 20, 900000000, 81818182, 818181819, 163636364, 3
[2019-08-30] <==        Row: B004, ì•„ì´ìŠ¤ì´ˆì½”, 5, 7000, 300, 25, 2100000, 190910, 1909091, 477273, 4
[2019-08-30] <==        Row: B001, ë”¸ê¸°ì‰ì´í¬, 3, 5200, 250, 12, 1300000, 118182, 1181819, 141818, 5
[2019-08-30] <==        Row: A002, ì¹´í‘¸ì¹˜ë…¸, 2, 3800, 140, 15, 532000, 48364, 483637, 72545, 6
[2019-08-30] <==        Row: A001, ì•„ë©”ë¦¬ì¹´ë…¸, 1, 4500, 150, 10, 675000, 61364, 613637, 61364, 7
[2019-08-30] <==        Row: B002, í›„ë¥´ì¸ ì™€ì¸, 4, 4300, 110, 11, 473000, 43000, 430000, 47300, 8
[2019-08-30] <==      Total: 8
[2019-08-30] <==    Updates: 0
[2019-08-30] ==>  Preparing: select code, name from product where code = ? 
[2019-08-30] ==> Parameters: 1234(String)
[2019-08-30] <==      Total: 0
[2019-08-30] ==>  Preparing: select code, name from product where code = ? 
[2019-08-30] ==> Parameters: 1234(String)
[2019-08-30] <==      Total: 0
[2019-08-30] ==>  Preparing: select code, name from product where code = ? 
[2019-08-30] ==> Parameters: A001(String)
[2019-08-30] <==    Columns: code, name
[2019-08-30] <==        Row: A001, ì•„ë©”ë¦¬ì¹´ë…¸
[2019-08-30] <==      Total: 1
[2019-08-30] ==>  Preparing: select code, name from product where code = ? 
[2019-08-30] ==> Parameters: A004(String)
[2019-08-30] <==    Columns: code, name
[2019-08-30] <==        Row: A004, ì—ìŠ¤í”„ë ˆì†Œ
[2019-08-30] <==      Total: 1
[2019-08-30] ==>  Preparing: select code, name from product where code = ? 
[2019-08-30] ==> Parameters: A005(String)
[2019-08-30] <==      Total: 0
[2019-08-30] ==>  Preparing: select code, name from product where code = ? 
[2019-08-30] ==> Parameters: A006(String)
[2019-08-30] <==      Total: 0
[2019-08-30] ==>  Preparing: select code, name from product where code = ? 
[2019-08-30] ==> Parameters: A007(String)
[2019-08-30] <==      Total: 0
[2019-08-30] ==>  Preparing: select code, name from product where code = ? 
[2019-08-30] ==> Parameters: A008(String)
[2019-08-30] <==      Total: 0
[2019-08-30] ==>  Preparing: select code, name from product where code = ? 
[2019-08-30] ==> Parameters: 1234(String)
[2019-08-30] <==      Total: 0
[2019-08-30] ==>  Preparing: select code, name from product where code = ? 
[2019-08-30] ==> Parameters: 1234(String)
[2019-08-30] <==      Total: 0
[2019-08-30] ==>  Preparing: select code, name from product where code = ? 
[2019-08-30] ==> Parameters: 1234(String)
[2019-08-30] <==      Total: 0
[2019-08-30] ==>  Preparing: select code, name from product where code = ? 
[2019-08-30] ==> Parameters: 1231(String)
[2019-08-30] <==      Total: 0
[2019-08-30] ==>  Preparing: select code, name from product where code = ? 
[2019-08-30] ==> Parameters: A003(String)
[2019-08-30] <==    Columns: code, name
[2019-08-30] <==        Row: A003, í—¤ì´ì¦ë„›
[2019-08-30] <==      Total: 1
[2019-08-30] ==>  Preparing: insert into sale (code, price, saleCnt, marginRate) values (?, ?, ?, ?) 
[2019-08-30] ==> Parameters: A003(String), 5000(Integer), 130(Integer), 20(Integer)
[2019-08-30] <==    Updates: 1
[2019-08-30] ==>  Preparing: {call price_rank(?)} 
[2019-08-30] ==> Parameters: true(Boolean)
[2019-08-30] <==    Columns: code, name, no, price, saleCnt, marginRate, salePrice, addTax, supplyTax, marginPrice, rank
[2019-08-30] <==        Row: B001, ë”¸ê¸°ì‰ì´í¬, 3, 5200, 250, 12, 1300000, 118182, 1181819, 141818, 1
[2019-08-30] <==        Row: A001, ì•„ë©”ë¦¬ì¹´ë…¸, 1, 4500, 150, 10, 675000, 61364, 613637, 61364, 2
[2019-08-30] <==        Row: A003, í—¤ì´ì¦ë„›, 5, 5000, 130, 20, 650000, 59091, 590910, 118182, 3
[2019-08-30] <==        Row: A002, ì¹´í‘¸ì¹˜ë…¸, 2, 3800, 140, 15, 532000, 48364, 483637, 72545, 4
[2019-08-30] <==        Row: B002, í›„ë¥´ì¸ ì™€ì¸, 4, 4300, 110, 11, 473000, 43000, 430000, 47300, 5
[2019-08-30] <==      Total: 5
[2019-08-30] <==    Updates: 0
[2019-08-30] ==>  Preparing: {call price_rank(?)} 
[2019-08-30] ==> Parameters: false(Boolean)
[2019-08-30] <==    Columns: code, name, no, price, saleCnt, marginRate, salePrice, addTax, supplyTax, marginPrice, rank
[2019-08-30] <==        Row: B001, ë”¸ê¸°ì‰ì´í¬, 3, 5200, 250, 12, 1300000, 118182, 1181819, 141818, 1
[2019-08-30] <==        Row: A003, í—¤ì´ì¦ë„›, 5, 5000, 130, 20, 650000, 59091, 590910, 118182, 2
[2019-08-30] <==        Row: A002, ì¹´í‘¸ì¹˜ë…¸, 2, 3800, 140, 15, 532000, 48364, 483637, 72545, 3
[2019-08-30] <==        Row: A001, ì•„ë©”ë¦¬ì¹´ë…¸, 1, 4500, 150, 10, 675000, 61364, 613637, 61364, 4
[2019-08-30] <==        Row: B002, í›„ë¥´ì¸ ì™€ì¸, 4, 4300, 110, 11, 473000, 43000, 430000, 47300, 5
[2019-08-30] <==      Total: 5
[2019-08-30] <==    Updates: 0
[2019-08-30] ==>  Preparing: {call price_rank(?)} 
[2019-08-30] ==> Parameters: true(Boolean)
[2019-08-30] <==    Columns: code, name, no, price, saleCnt, marginRate, salePrice, addTax, supplyTax, marginPrice, rank
[2019-08-30] <==        Row: B001, ë”¸ê¸°ì‰ì´í¬, 3, 5200, 250, 12, 1300000, 118182, 1181819, 141818, 1
[2019-08-30] <==        Row: A001, ì•„ë©”ë¦¬ì¹´ë…¸, 1, 4500, 150, 10, 675000, 61364, 613637, 61364, 2
[2019-08-30] <==        Row: A002, ì¹´í‘¸ì¹˜ë…¸, 2, 3800, 140, 15, 532000, 48364, 483637, 72545, 3
[2019-08-30] <==        Row: B002, í›„ë¥´ì¸ ì™€ì¸, 4, 4300, 110, 11, 473000, 43000, 430000, 47300, 4
[2019-08-30] <==      Total: 4
[2019-08-30] <==    Updates: 0
[2019-08-30] ==>  Preparing: {call price_rank(?)} 
[2019-08-30] ==> Parameters: true(Boolean)
[2019-08-30] <==    Columns: code, name, no, price, saleCnt, marginRate, salePrice, addTax, supplyTax, marginPrice, rank
[2019-08-30] <==        Row: B001, ë”¸ê¸°ì‰ì´í¬, 3, 5200, 250, 12, 1300000, 118182, 1181819, 141818, 1
[2019-08-30] <==        Row: A001, ì•„ë©”ë¦¬ì¹´ë…¸, 1, 4500, 150, 10, 675000, 61364, 613637, 61364, 2
[2019-08-30] <==        Row: A002, ì¹´í‘¸ì¹˜ë…¸, 2, 3800, 140, 15, 532000, 48364, 483637, 72545, 3
[2019-08-30] <==        Row: B002, í›„ë¥´ì¸ ì™€ì¸, 4, 4300, 110, 11, 473000, 43000, 430000, 47300, 4
[2019-08-30] <==      Total: 4
[2019-08-30] <==    Updates: 0
[2019-08-30] ==>  Preparing: {call price_rank(?)} 
[2019-08-30] ==> Parameters: false(Boolean)
[2019-08-30] <==    Columns: code, name, no, price, saleCnt, marginRate, salePrice, addTax, supplyTax, marginPrice, rank
[2019-08-30] <==        Row: B001, ë”¸ê¸°ì‰ì´í¬, 3, 5200, 250, 12, 1300000, 118182, 1181819, 141818, 1
[2019-08-30] <==        Row: A002, ì¹´í‘¸ì¹˜ë…¸, 2, 3800, 140, 15, 532000, 48364, 483637, 72545, 2
[2019-08-30] <==        Row: A001, ì•„ë©”ë¦¬ì¹´ë…¸, 1, 4500, 150, 10, 675000, 61364, 613637, 61364, 3
[2019-08-30] <==        Row: B002, í›„ë¥´ì¸ ì™€ì¸, 4, 4300, 110, 11, 473000, 43000, 430000, 47300, 4
[2019-08-30] <==      Total: 4
[2019-08-30] <==    Updates: 0
[2019-08-30] ==>  Preparing: select code, name from product where code = ? 
[2019-08-30] ==> Parameters: A001(String)
[2019-08-30] <==    Columns: code, name
[2019-08-30] <==        Row: A001, ì•„ë©”ë¦¬ì¹´ë…¸
[2019-08-30] <==      Total: 1
[2019-08-30] ==>  Preparing: insert into sale (code, price, saleCnt, marginRate) values (?, ?, ?, ?) 
[2019-08-30] ==> Parameters: A001(String), 5000(Integer), 100(Integer), 10(Integer)
[2019-08-30] <==    Updates: 1
[2019-08-30] ==>  Preparing: {call price_rank(?)} 
[2019-08-30] ==> Parameters: true(Boolean)
[2019-08-30] <==    Columns: code, name, no, price, saleCnt, marginRate, salePrice, addTax, supplyTax, marginPrice, rank
[2019-08-30] <==        Row: B001, ë”¸ê¸°ì‰ì´í¬, 3, 5200, 250, 12, 1300000, 118182, 1181819, 141818, 1
[2019-08-30] <==        Row: A001, ì•„ë©”ë¦¬ì¹´ë…¸, 1, 4500, 150, 10, 675000, 61364, 613637, 61364, 2
[2019-08-30] <==        Row: A002, ì¹´í‘¸ì¹˜ë…¸, 2, 3800, 140, 15, 532000, 48364, 483637, 72545, 3
[2019-08-30] <==        Row: A001, ì•„ë©”ë¦¬ì¹´ë…¸, 5, 5000, 100, 10, 500000, 45455, 454546, 45455, 4
[2019-08-30] <==        Row: B002, í›„ë¥´ì¸ ì™€ì¸, 4, 4300, 110, 11, 473000, 43000, 430000, 47300, 5
[2019-08-30] <==      Total: 5
[2019-08-30] <==    Updates: 0
[2019-08-30] ==>  Preparing: select code, name from product where code = ? 
[2019-08-30] ==> Parameters: C001(String)
[2019-08-30] <==      Total: 0
[2019-08-30] ==>  Preparing: insert into sale (code, price, saleCnt, marginRate) values (?, ?, ?, ?) 
[2019-08-30] ==> Parameters: C001(String), 5000(Integer), 100(Integer), 10(Integer)
[2019-08-30] ==>  Preparing: select code, name from product where code = ? 
[2019-08-30] ==> Parameters: A001(String)
[2019-08-30] <==    Columns: code, name
[2019-08-30] <==        Row: A001, ì•„ë©”ë¦¬ì¹´ë…¸
[2019-08-30] <==      Total: 1
[2019-08-30] ==>  Preparing: {call price_rank(?)} 
[2019-08-30] ==> Parameters: true(Boolean)
[2019-08-30] <==    Columns: code, name, no, price, saleCnt, marginRate, salePrice, addTax, supplyTax, marginPrice, rank
[2019-08-30] <==        Row: B001, ë”¸ê¸°ì‰ì´í¬, 3, 5200, 250, 12, 1300000, 118182, 1181819, 141818, 1
[2019-08-30] <==        Row: A001, ì•„ë©”ë¦¬ì¹´ë…¸, 1, 4500, 150, 10, 675000, 61364, 613637, 61364, 2
[2019-08-30] <==        Row: A002, ì¹´í‘¸ì¹˜ë…¸, 2, 3800, 140, 15, 532000, 48364, 483637, 72545, 3
[2019-08-30] <==        Row: A001, ì•„ë©”ë¦¬ì¹´ë…¸, 5, 5000, 100, 10, 500000, 45455, 454546, 45455, 4
[2019-08-30] <==        Row: B002, í›„ë¥´ì¸ ì™€ì¸, 4, 4300, 110, 11, 473000, 43000, 430000, 47300, 5
[2019-08-30] <==      Total: 5
[2019-08-30] <==    Updates: 0
